# JRE version: OpenJDK Runtime Environment (17.0.6) (build 17.0.6+0-b2043.56-9586694)
# Java VM: OpenJDK 64-Bit Server VM (17.0.6+0-b2043.56-9586694, mixed mode, tiered, compressed oops, compressed class ptrs, g1 gc, windows-amd64)
GC Precious Log:
 CPUs: 4 total, 4 available
 Memory: 2199M
 Large Page Support: Disabled
 NUMA Support: Disabled
 Compressed Oops: Enabled (32-bit)
 Heap Region Size: 1M
 Heap Min Capacity: 8M
 Heap Initial Capacity: 36M
 Heap Max Capacity: 550M
 Pre-touch: Disabled
 Parallel Workers: 4
 Concurrent Workers: 1
 Concurrent Refinement Workers: 4
 Periodic GC: Disabled
Heap:
 garbage-first heap   total 202752K, used 89959K [0x00000000dda00000, 0x0000000100000000)
  region size 1024K, 12 young (12288K), 3 survivors (3072K)
 Metaspace       used 90829K, committed 91136K, reserved 1130496K
  class space    used 10156K, committed 10304K, reserved 1048576K
GC Heap History (20 events):
Event: 14.544 GC heap before
{Heap before GC invocations=31 (full 0):
 garbage-first heap   total 97280K, used 75114K [0x00000000dda00000, 0x0000000100000000)
  region size 1024K, 26 young (26624K), 4 survivors (4096K)
 Metaspace       used 61258K, committed 61568K, reserved 1105920K
  class space    used 7293K, committed 7424K, reserved 1048576K
}
Event: 14.777 GC heap after
{Heap after GC invocations=32 (full 0):
 garbage-first heap   total 97280K, used 55900K [0x00000000dda00000, 0x0000000100000000)
  region size 1024K, 3 young (3072K), 3 survivors (3072K)
 Metaspace       used 61258K, committed 61568K, reserved 1105920K
  class space    used 7293K, committed 7424K, reserved 1048576K
}
Event: 19.248 GC heap before
{Heap before GC invocations=33 (full 0):
 garbage-first heap   total 97280K, used 76380K [0x00000000dda00000, 0x0000000100000000)
  region size 1024K, 23 young (23552K), 3 survivors (3072K)
 Metaspace       used 63606K, committed 63936K, reserved 1105920K
  class space    used 7528K, committed 7680K, reserved 1048576K
}
Event: 19.683 GC heap after
{Heap after GC invocations=34 (full 0):
 garbage-first heap   total 97280K, used 58700K [0x00000000dda00000, 0x0000000100000000)
  region size 1024K, 3 young (3072K), 3 survivors (3072K)
 Metaspace       used 63606K, committed 63936K, reserved 1105920K
  class space    used 7528K, committed 7680K, reserved 1048576K
}
Event: 20.031 GC heap before
{Heap before GC invocations=34 (full 0):
 garbage-first heap   total 97280K, used 59724K [0x00000000dda00000, 0x0000000100000000)
  region size 1024K, 4 young (4096K), 3 survivors (3072K)
 Metaspace       used 63626K, committed 63936K, reserved 1105920K
  class space    used 7530K, committed 7680K, reserved 1048576K
}
Event: 20.173 GC heap after
{Heap after GC invocations=35 (full 0):
 garbage-first heap   total 97280K, used 58451K [0x00000000dda00000, 0x0000000100000000)
  region size 1024K, 1 young (1024K), 1 survivors (1024K)
 Metaspace       used 63626K, committed 63936K, reserved 1105920K
  class space    used 7530K, committed 7680K, reserved 1048576K
}
Event: 24.237 GC heap before
{Heap before GC invocations=35 (full 0):
 garbage-first heap   total 97280K, used 77907K [0x00000000dda00000, 0x0000000100000000)
  region size 1024K, 20 young (20480K), 1 survivors (1024K)
 Metaspace       used 65029K, committed 65344K, reserved 1114112K
  class space    used 7641K, committed 7744K, reserved 1048576K
}
Event: 24.358 GC heap after
{Heap after GC invocations=36 (full 0):
 garbage-first heap   total 97280K, used 61440K [0x00000000dda00000, 0x0000000100000000)
  region size 1024K, 3 young (3072K), 3 survivors (3072K)
 Metaspace       used 65029K, committed 65344K, reserved 1114112K
  class space    used 7641K, committed 7744K, reserved 1048576K
}
Event: 25.914 GC heap before
{Heap before GC invocations=37 (full 0):
 garbage-first heap   total 111616K, used 76800K [0x00000000dda00000, 0x0000000100000000)
  region size 1024K, 19 young (19456K), 3 survivors (3072K)
 Metaspace       used 67336K, committed 67712K, reserved 1114112K
  class space    used 7946K, committed 8128K, reserved 1048576K
}
Event: 25.998 GC heap after
{Heap after GC invocations=38 (full 0):
 garbage-first heap   total 111616K, used 64048K [0x00000000dda00000, 0x0000000100000000)
  region size 1024K, 3 young (3072K), 3 survivors (3072K)
 Metaspace       used 67336K, committed 67712K, reserved 1114112K
  class space    used 7946K, committed 8128K, reserved 1048576K
}
Event: 26.202 GC heap before
{Heap before GC invocations=38 (full 0):
 garbage-first heap   total 111616K, used 66096K [0x00000000dda00000, 0x0000000100000000)
  region size 1024K, 5 young (5120K), 3 survivors (3072K)
 Metaspace       used 67728K, committed 68096K, reserved 1114112K
  class space    used 7994K, committed 8192K, reserved 1048576K
}
Event: 26.291 GC heap after
{Heap after GC invocations=39 (full 0):
 garbage-first heap   total 202752K, used 63959K [0x00000000dda00000, 0x0000000100000000)
  region size 1024K, 1 young (1024K), 1 survivors (1024K)
 Metaspace       used 67728K, committed 68096K, reserved 1114112K
  class space    used 7994K, committed 8192K, reserved 1048576K
}
Event: 31.910 GC heap before
{Heap before GC invocations=39 (full 0):
 garbage-first heap   total 202752K, used 120279K [0x00000000dda00000, 0x0000000100000000)
  region size 1024K, 56 young (57344K), 1 survivors (1024K)
 Metaspace       used 74871K, committed 75200K, reserved 1122304K
  class space    used 8678K, committed 8832K, reserved 1048576K
}
Event: 31.983 GC heap after
{Heap after GC invocations=40 (full 0):
 garbage-first heap   total 202752K, used 69105K [0x00000000dda00000, 0x0000000100000000)
  region size 1024K, 6 young (6144K), 6 survivors (6144K)
 Metaspace       used 74871K, committed 75200K, reserved 1122304K
  class space    used 8678K, committed 8832K, reserved 1048576K
}
Event: 34.724 GC heap before
{Heap before GC invocations=40 (full 0):
 garbage-first heap   total 202752K, used 109041K [0x00000000dda00000, 0x0000000100000000)
  region size 1024K, 45 young (46080K), 6 survivors (6144K)
 Metaspace       used 81164K, committed 81472K, reserved 1122304K
  class space    used 9329K, committed 9472K, reserved 1048576K
}
Event: 34.824 GC heap after
{Heap after GC invocations=41 (full 0):
 garbage-first heap   total 202752K, used 73589K [0x00000000dda00000, 0x0000000100000000)
  region size 1024K, 5 young (5120K), 5 survivors (5120K)
 Metaspace       used 81164K, committed 81472K, reserved 1122304K
  class space    used 9329K, committed 9472K, reserved 1048576K
}
Event: 36.974 GC heap before
{Heap before GC invocations=41 (full 0):
 garbage-first heap   total 202752K, used 113525K [0x00000000dda00000, 0x0000000100000000)
  region size 1024K, 44 young (45056K), 5 survivors (5120K)
 Metaspace       used 85582K, committed 85888K, reserved 1130496K
  class space    used 9750K, committed 9920K, reserved 1048576K
}
Event: 37.073 GC heap after
{Heap after GC invocations=42 (full 0):
 garbage-first heap   total 202752K, used 79517K [0x00000000dda00000, 0x0000000100000000)
  region size 1024K, 6 young (6144K), 6 survivors (6144K)
 Metaspace       used 85582K, committed 85888K, reserved 1130496K
  class space    used 9750K, committed 9920K, reserved 1048576K
}
Event: 45.543 GC heap before
{Heap before GC invocations=42 (full 0):
 garbage-first heap   total 202752K, used 112285K [0x00000000dda00000, 0x0000000100000000)
  region size 1024K, 38 young (38912K), 6 survivors (6144K)
 Metaspace       used 89172K, committed 89536K, reserved 1130496K
  class space    used 10038K, committed 10176K, reserved 1048576K
}
Event: 45.700 GC heap after
{Heap after GC invocations=43 (full 0):
 garbage-first heap   total 202752K, used 81767K [0x00000000dda00000, 0x0000000100000000)
  region size 1024K, 3 young (3072K), 3 survivors (3072K)
 Metaspace       used 89172K, committed 89536K, reserved 1130496K
  class space    used 10038K, committed 10176K, reserved 1048576K
}

