# JRE version: OpenJDK Runtime Environment (17.0.6) (build 17.0.6+0-b2043.56-9586694)
# Java VM: OpenJDK 64-Bit Server VM (17.0.6+0-b2043.56-9586694, mixed mode, tiered, compressed oops, compressed class ptrs, g1 gc, windows-amd64)
GC Precious Log:
 CPUs: 4 total, 4 available
 Memory: 2199M
 Large Page Support: Disabled
 NUMA Support: Disabled
 Compressed Oops: Enabled (32-bit)
 Heap Region Size: 1M
 Heap Min Capacity: 8M
 Heap Initial Capacity: 36M
 Heap Max Capacity: 2G
 Pre-touch: Disabled
 Parallel Workers: 4
 Concurrent Workers: 1
 Concurrent Refinement Workers: 4
 Periodic GC: Disabled
Heap:
 garbage-first heap   total 479232K, used 196763K [0x0000000080000000, 0x0000000100000000)
  region size 1024K, 1 young (1024K), 1 survivors (1024K)
 Metaspace       used 146093K, committed 147712K, reserved 1179648K
  class space    used 19093K, committed 19840K, reserved 1048576K
GC Heap History (20 events):
Event: 12260.234 GC heap after
{Heap after GC invocations=173 (full 1):
 garbage-first heap   total 479232K, used 180702K [0x0000000080000000, 0x0000000100000000)
  region size 1024K, 3 young (3072K), 3 survivors (3072K)
 Metaspace       used 145213K, committed 146816K, reserved 1179648K
  class space    used 19038K, committed 19776K, reserved 1048576K
}
Event: 12295.339 GC heap before
{Heap before GC invocations=173 (full 1):
 garbage-first heap   total 479232K, used 201182K [0x0000000080000000, 0x0000000100000000)
  region size 1024K, 23 young (23552K), 3 survivors (3072K)
 Metaspace       used 145220K, committed 146816K, reserved 1179648K
  class space    used 19039K, committed 19776K, reserved 1048576K
}
Event: 12295.613 GC heap after
{Heap after GC invocations=174 (full 1):
 garbage-first heap   total 479232K, used 183479K [0x0000000080000000, 0x0000000100000000)
  region size 1024K, 3 young (3072K), 3 survivors (3072K)
 Metaspace       used 145220K, committed 146816K, reserved 1179648K
  class space    used 19039K, committed 19776K, reserved 1048576K
}
Event: 12301.145 GC heap before
{Heap before GC invocations=174 (full 1):
 garbage-first heap   total 479232K, used 202935K [0x0000000080000000, 0x0000000100000000)
  region size 1024K, 23 young (23552K), 3 survivors (3072K)
 Metaspace       used 145259K, committed 146880K, reserved 1179648K
  class space    used 19039K, committed 19776K, reserved 1048576K
}
Event: 12301.391 GC heap after
{Heap after GC invocations=175 (full 1):
 garbage-first heap   total 479232K, used 185040K [0x0000000080000000, 0x0000000100000000)
  region size 1024K, 2 young (2048K), 2 survivors (2048K)
 Metaspace       used 145259K, committed 146880K, reserved 1179648K
  class space    used 19039K, committed 19776K, reserved 1048576K
}
Event: 12394.278 GC heap before
{Heap before GC invocations=175 (full 1):
 garbage-first heap   total 479232K, used 205520K [0x0000000080000000, 0x0000000100000000)
  region size 1024K, 23 young (23552K), 2 survivors (2048K)
 Metaspace       used 145268K, committed 146880K, reserved 1179648K
  class space    used 19040K, committed 19776K, reserved 1048576K
}
Event: 12394.821 GC heap after
{Heap after GC invocations=176 (full 1):
 garbage-first heap   total 479232K, used 186061K [0x0000000080000000, 0x0000000100000000)
  region size 1024K, 3 young (3072K), 3 survivors (3072K)
 Metaspace       used 145268K, committed 146880K, reserved 1179648K
  class space    used 19040K, committed 19776K, reserved 1048576K
}
Event: 12424.780 GC heap before
{Heap before GC invocations=176 (full 1):
 garbage-first heap   total 479232K, used 207565K [0x0000000080000000, 0x0000000100000000)
  region size 1024K, 23 young (23552K), 3 survivors (3072K)
 Metaspace       used 145342K, committed 146880K, reserved 1179648K
  class space    used 19049K, committed 19776K, reserved 1048576K
}
Event: 12425.023 GC heap after
{Heap after GC invocations=177 (full 1):
 garbage-first heap   total 479232K, used 186999K [0x0000000080000000, 0x0000000100000000)
  region size 1024K, 3 young (3072K), 3 survivors (3072K)
 Metaspace       used 145342K, committed 146880K, reserved 1179648K
  class space    used 19049K, committed 19776K, reserved 1048576K
}
Event: 12425.945 GC heap before
{Heap before GC invocations=177 (full 1):
 garbage-first heap   total 479232K, used 206455K [0x0000000080000000, 0x0000000100000000)
  region size 1024K, 23 young (23552K), 3 survivors (3072K)
 Metaspace       used 145412K, committed 146944K, reserved 1179648K
  class space    used 19055K, committed 19776K, reserved 1048576K
}
Event: 12426.065 GC heap after
{Heap after GC invocations=178 (full 1):
 garbage-first heap   total 479232K, used 191983K [0x0000000080000000, 0x0000000100000000)
  region size 1024K, 3 young (3072K), 3 survivors (3072K)
 Metaspace       used 145412K, committed 146944K, reserved 1179648K
  class space    used 19055K, committed 19776K, reserved 1048576K
}
Event: 12428.875 GC heap before
{Heap before GC invocations=178 (full 1):
 garbage-first heap   total 479232K, used 212463K [0x0000000080000000, 0x0000000100000000)
  region size 1024K, 23 young (23552K), 3 survivors (3072K)
 Metaspace       used 145665K, committed 147328K, reserved 1179648K
  class space    used 19076K, committed 19840K, reserved 1048576K
}
Event: 12429.071 GC heap after
{Heap after GC invocations=179 (full 1):
 garbage-first heap   total 479232K, used 195502K [0x0000000080000000, 0x0000000100000000)
  region size 1024K, 3 young (3072K), 3 survivors (3072K)
 Metaspace       used 145665K, committed 147328K, reserved 1179648K
  class space    used 19076K, committed 19840K, reserved 1048576K
}
Event: 12429.570 GC heap before
{Heap before GC invocations=179 (full 1):
 garbage-first heap   total 479232K, used 215982K [0x0000000080000000, 0x0000000100000000)
  region size 1024K, 23 young (23552K), 3 survivors (3072K)
 Metaspace       used 145708K, committed 147328K, reserved 1179648K
  class space    used 19076K, committed 19840K, reserved 1048576K
}
Event: 12430.199 GC heap after
{Heap after GC invocations=180 (full 1):
 garbage-first heap   total 479232K, used 197647K [0x0000000080000000, 0x0000000100000000)
  region size 1024K, 2 young (2048K), 2 survivors (2048K)
 Metaspace       used 145708K, committed 147328K, reserved 1179648K
  class space    used 19076K, committed 19840K, reserved 1048576K
}
Event: 12431.385 GC heap before
{Heap before GC invocations=180 (full 1):
 garbage-first heap   total 479232K, used 219151K [0x0000000080000000, 0x0000000100000000)
  region size 1024K, 23 young (23552K), 2 survivors (2048K)
 Metaspace       used 145810K, committed 147456K, reserved 1179648K
  class space    used 19076K, committed 19840K, reserved 1048576K
}
Event: 12431.394 GC heap after
{Heap after GC invocations=181 (full 1):
 garbage-first heap   total 479232K, used 196502K [0x0000000080000000, 0x0000000100000000)
  region size 1024K, 1 young (1024K), 1 survivors (1024K)
 Metaspace       used 145810K, committed 147456K, reserved 1179648K
  class space    used 19076K, committed 19840K, reserved 1048576K
}
Event: 12431.920 GC heap before
{Heap before GC invocations=181 (full 1):
 garbage-first heap   total 479232K, used 218006K [0x0000000080000000, 0x0000000100000000)
  region size 1024K, 23 young (23552K), 1 survivors (1024K)
 Metaspace       used 145943K, committed 147584K, reserved 1179648K
  class space    used 19078K, committed 19840K, reserved 1048576K
}
Event: 12431.944 GC heap after
{Heap after GC invocations=182 (full 1):
 garbage-first heap   total 479232K, used 198834K [0x0000000080000000, 0x0000000100000000)
  region size 1024K, 3 young (3072K), 3 survivors (3072K)
 Metaspace       used 145943K, committed 147584K, reserved 1179648K
  class space    used 19078K, committed 19840K, reserved 1048576K
}
Event: 12432.630 GC heap before
{Heap before GC invocations=182 (full 1):
 garbage-first heap   total 479232K, used 219314K [0x0000000080000000, 0x0000000100000000)
  region size 1024K, 23 young (23552K), 3 survivors (3072K)
 Metaspace       used 146093K, committed 147712K, reserved 1179648K
  class space    used 19093K, committed 19840K, reserved 1048576K
}

