# JRE version: OpenJDK Runtime Environment (17.0.6) (build 17.0.6+0-b2043.56-9586694)
# Java VM: OpenJDK 64-Bit Server VM (17.0.6+0-b2043.56-9586694, mixed mode, tiered, compressed oops, compressed class ptrs, g1 gc, windows-amd64)
GC Precious Log:
 CPUs: 4 total, 4 available
 Memory: 2199M
 Large Page Support: Disabled
 NUMA Support: Disabled
 Compressed Oops: Enabled (32-bit)
 Heap Region Size: 1M
 Heap Min Capacity: 8M
 Heap Initial Capacity: 36M
 Heap Max Capacity: 2G
 Pre-touch: Disabled
 Parallel Workers: 4
 Concurrent Workers: 1
 Concurrent Refinement Workers: 4
 Periodic GC: Disabled
Heap:
 garbage-first heap   total 447488K, used 138035K [0x0000000080000000, 0x0000000100000000)
  region size 1024K, 2 young (2048K), 2 survivors (2048K)
 Metaspace       used 114947K, committed 115648K, reserved 1155072K
  class space    used 15675K, committed 16000K, reserved 1048576K
GC Heap History (20 events):
Event: 25.614 GC heap after
{Heap after GC invocations=61 (full 0):
 garbage-first heap   total 161792K, used 87039K [0x0000000080000000, 0x0000000100000000)
  region size 1024K, 1 young (1024K), 1 survivors (1024K)
 Metaspace       used 93036K, committed 93696K, reserved 1130496K
  class space    used 12623K, committed 12928K, reserved 1048576K
}
Event: 26.019 GC heap before
{Heap before GC invocations=61 (full 0):
 garbage-first heap   total 161792K, used 131071K [0x0000000080000000, 0x0000000100000000)
  region size 1024K, 44 young (45056K), 1 survivors (1024K)
 Metaspace       used 93275K, committed 93888K, reserved 1130496K
  class space    used 12662K, committed 12992K, reserved 1048576K
}
Event: 26.031 GC heap after
{Heap after GC invocations=62 (full 0):
 garbage-first heap   total 161792K, used 93183K [0x0000000080000000, 0x0000000100000000)
  region size 1024K, 6 young (6144K), 6 survivors (6144K)
 Metaspace       used 93275K, committed 93888K, reserved 1130496K
  class space    used 12662K, committed 12992K, reserved 1048576K
}
Event: 28.302 GC heap before
{Heap before GC invocations=63 (full 0):
 garbage-first heap   total 165888K, used 131071K [0x0000000080000000, 0x0000000100000000)
  region size 1024K, 43 young (44032K), 6 survivors (6144K)
 Metaspace       used 95598K, committed 96192K, reserved 1138688K
  class space    used 13057K, committed 13376K, reserved 1048576K
}
Event: 28.325 GC heap after
{Heap after GC invocations=64 (full 0):
 garbage-first heap   total 165888K, used 97676K [0x0000000080000000, 0x0000000100000000)
  region size 1024K, 5 young (5120K), 5 survivors (5120K)
 Metaspace       used 95598K, committed 96192K, reserved 1138688K
  class space    used 13057K, committed 13376K, reserved 1048576K
}
Event: 28.426 GC heap before
{Heap before GC invocations=64 (full 0):
 garbage-first heap   total 165888K, used 99724K [0x0000000080000000, 0x0000000100000000)
  region size 1024K, 8 young (8192K), 5 survivors (5120K)
 Metaspace       used 95626K, committed 96256K, reserved 1138688K
  class space    used 13058K, committed 13376K, reserved 1048576K
}
Event: 28.439 GC heap after
{Heap after GC invocations=65 (full 0):
 garbage-first heap   total 165888K, used 98386K [0x0000000080000000, 0x0000000100000000)
  region size 1024K, 1 young (1024K), 1 survivors (1024K)
 Metaspace       used 95626K, committed 96256K, reserved 1138688K
  class space    used 13058K, committed 13376K, reserved 1048576K
}
Event: 29.477 GC heap before
{Heap before GC invocations=65 (full 0):
 garbage-first heap   total 165888K, used 134226K [0x0000000080000000, 0x0000000100000000)
  region size 1024K, 37 young (37888K), 1 survivors (1024K)
 Metaspace       used 95874K, committed 96512K, reserved 1138688K
  class space    used 13062K, committed 13376K, reserved 1048576K
}
Event: 29.491 GC heap after
{Heap after GC invocations=66 (full 0):
 garbage-first heap   total 447488K, used 100405K [0x0000000080000000, 0x0000000100000000)
  region size 1024K, 3 young (3072K), 3 survivors (3072K)
 Metaspace       used 95874K, committed 96512K, reserved 1138688K
  class space    used 13062K, committed 13376K, reserved 1048576K
}
Event: 37.899 GC heap before
{Heap before GC invocations=67 (full 0):
 garbage-first heap   total 382976K, used 345141K [0x0000000080000000, 0x0000000100000000)
  region size 1024K, 243 young (248832K), 3 survivors (3072K)
 Metaspace       used 101032K, committed 101696K, reserved 1138688K
  class space    used 13697K, committed 14016K, reserved 1048576K
}
Event: 38.177 GC heap after
{Heap after GC invocations=68 (full 0):
 garbage-first heap   total 382976K, used 115960K [0x0000000080000000, 0x0000000100000000)
  region size 1024K, 18 young (18432K), 18 survivors (18432K)
 Metaspace       used 101032K, committed 101696K, reserved 1138688K
  class space    used 13697K, committed 14016K, reserved 1048576K
}
Event: 38.313 GC heap before
{Heap before GC invocations=68 (full 0):
 garbage-first heap   total 382976K, used 116984K [0x0000000080000000, 0x0000000100000000)
  region size 1024K, 19 young (19456K), 18 survivors (18432K)
 Metaspace       used 101032K, committed 101696K, reserved 1138688K
  class space    used 13697K, committed 14016K, reserved 1048576K
}
Event: 38.583 GC heap after
{Heap after GC invocations=69 (full 0):
 garbage-first heap   total 382976K, used 117648K [0x0000000080000000, 0x0000000100000000)
  region size 1024K, 2 young (2048K), 2 survivors (2048K)
 Metaspace       used 101032K, committed 101696K, reserved 1138688K
  class space    used 13697K, committed 14016K, reserved 1048576K
}
Event: 91.384 GC heap before
{Heap before GC invocations=69 (full 0):
 garbage-first heap   total 382976K, used 251792K [0x0000000080000000, 0x0000000100000000)
  region size 1024K, 134 young (137216K), 2 survivors (2048K)
 Metaspace       used 109254K, committed 110016K, reserved 1146880K
  class space    used 14759K, committed 15104K, reserved 1048576K
}
Event: 92.464 GC heap after
{Heap after GC invocations=70 (full 0):
 garbage-first heap   total 382976K, used 130833K [0x0000000080000000, 0x0000000100000000)
  region size 1024K, 15 young (15360K), 15 survivors (15360K)
 Metaspace       used 109254K, committed 110016K, reserved 1146880K
  class space    used 14759K, committed 15104K, reserved 1048576K
}
Event: 93.062 GC heap before
{Heap before GC invocations=70 (full 0):
 garbage-first heap   total 382976K, used 133905K [0x0000000080000000, 0x0000000100000000)
  region size 1024K, 18 young (18432K), 15 survivors (15360K)
 Metaspace       used 109350K, committed 110080K, reserved 1146880K
  class space    used 14774K, committed 15104K, reserved 1048576K
}
Event: 93.328 GC heap after
{Heap after GC invocations=71 (full 0):
 garbage-first heap   total 382976K, used 132769K [0x0000000080000000, 0x0000000100000000)
  region size 1024K, 2 young (2048K), 2 survivors (2048K)
 Metaspace       used 109350K, committed 110080K, reserved 1146880K
  class space    used 14774K, committed 15104K, reserved 1048576K
}
Event: 95.282 GC heap before
{Heap before GC invocations=71 (full 0):
 garbage-first heap   total 382976K, used 163489K [0x0000000080000000, 0x0000000100000000)
  region size 1024K, 32 young (32768K), 2 survivors (2048K)
 Metaspace       used 110399K, committed 111104K, reserved 1146880K
  class space    used 14908K, committed 15232K, reserved 1048576K
}
Event: 95.469 GC heap after
{Heap after GC invocations=72 (full 0):
 garbage-first heap   total 382976K, used 137727K [0x0000000080000000, 0x0000000100000000)
  region size 1024K, 4 young (4096K), 4 survivors (4096K)
 Metaspace       used 110399K, committed 111104K, reserved 1146880K
  class space    used 14908K, committed 15232K, reserved 1048576K
}
Event: 101.939 GC heap before
{Heap before GC invocations=72 (full 0):
 garbage-first heap   total 382976K, used 157183K [0x0000000080000000, 0x0000000100000000)
  region size 1024K, 24 young (24576K), 4 survivors (4096K)
 Metaspace       used 114947K, committed 115648K, reserved 1155072K
  class space    used 15675K, committed 16000K, reserved 1048576K
}

