# JRE version: OpenJDK Runtime Environment (17.0.6) (build 17.0.6+0-b2043.56-9586694)
# Java VM: OpenJDK 64-Bit Server VM (17.0.6+0-b2043.56-9586694, mixed mode, tiered, compressed oops, compressed class ptrs, g1 gc, windows-amd64)
GC Precious Log:
 CPUs: 4 total, 4 available
 Memory: 2199M
 Large Page Support: Disabled
 NUMA Support: Disabled
 Compressed Oops: Enabled (32-bit)
 Heap Region Size: 1M
 Heap Min Capacity: 8M
 Heap Initial Capacity: 36M
 Heap Max Capacity: 2G
 Pre-touch: Disabled
 Parallel Workers: 4
 Concurrent Workers: 1
 Concurrent Refinement Workers: 4
 Periodic GC: Disabled
Heap:
 garbage-first heap   total 483328K, used 130815K [0x0000000080000000, 0x0000000100000000)
  region size 1024K, 1 young (1024K), 1 survivors (1024K)
 Metaspace       used 115759K, committed 116544K, reserved 1155072K
  class space    used 15728K, committed 16064K, reserved 1048576K
GC Heap History (20 events):
Event: 58.301 GC heap after
{Heap after GC invocations=43 (full 0):
 garbage-first heap   total 323584K, used 98765K [0x0000000080000000, 0x0000000100000000)
  region size 1024K, 4 young (4096K), 4 survivors (4096K)
 Metaspace       used 95892K, committed 96512K, reserved 1138688K
  class space    used 13102K, committed 13376K, reserved 1048576K
}
Event: 61.391 GC heap before
{Heap before GC invocations=43 (full 0):
 garbage-first heap   total 323584K, used 164301K [0x0000000080000000, 0x0000000100000000)
  region size 1024K, 69 young (70656K), 4 survivors (4096K)
 Metaspace       used 96515K, committed 97152K, reserved 1138688K
  class space    used 13138K, committed 13440K, reserved 1048576K
}
Event: 61.447 GC heap after
{Heap after GC invocations=44 (full 0):
 garbage-first heap   total 323584K, used 103089K [0x0000000080000000, 0x0000000100000000)
  region size 1024K, 9 young (9216K), 9 survivors (9216K)
 Metaspace       used 96515K, committed 97152K, reserved 1138688K
  class space    used 13138K, committed 13440K, reserved 1048576K
}
Event: 62.802 GC heap before
{Heap before GC invocations=44 (full 0):
 garbage-first heap   total 323584K, used 165553K [0x0000000080000000, 0x0000000100000000)
  region size 1024K, 71 young (72704K), 9 survivors (9216K)
 Metaspace       used 96827K, committed 97408K, reserved 1138688K
  class space    used 13159K, committed 13440K, reserved 1048576K
}
Event: 62.905 GC heap after
{Heap after GC invocations=45 (full 0):
 garbage-first heap   total 323584K, used 107910K [0x0000000080000000, 0x0000000100000000)
  region size 1024K, 5 young (5120K), 5 survivors (5120K)
 Metaspace       used 96827K, committed 97408K, reserved 1138688K
  class space    used 13159K, committed 13440K, reserved 1048576K
}
Event: 67.896 GC heap before
{Heap before GC invocations=45 (full 0):
 garbage-first heap   total 323584K, used 214406K [0x0000000080000000, 0x0000000100000000)
  region size 1024K, 110 young (112640K), 5 survivors (5120K)
 Metaspace       used 101250K, committed 101952K, reserved 1138688K
  class space    used 13740K, committed 14080K, reserved 1048576K
}
Event: 68.098 GC heap after
{Heap after GC invocations=46 (full 0):
 garbage-first heap   total 483328K, used 114820K [0x0000000080000000, 0x0000000100000000)
  region size 1024K, 12 young (12288K), 12 survivors (12288K)
 Metaspace       used 101250K, committed 101952K, reserved 1138688K
  class space    used 13740K, committed 14080K, reserved 1048576K
}
Event: 91.097 GC heap before
{Heap before GC invocations=46 (full 0):
 garbage-first heap   total 483328K, used 170116K [0x0000000080000000, 0x0000000100000000)
  region size 1024K, 67 young (68608K), 12 survivors (12288K)
 Metaspace       used 102068K, committed 102784K, reserved 1138688K
  class space    used 13845K, committed 14208K, reserved 1048576K
}
Event: 91.533 GC heap after
{Heap after GC invocations=47 (full 0):
 garbage-first heap   total 483328K, used 118196K [0x0000000080000000, 0x0000000100000000)
  region size 1024K, 4 young (4096K), 4 survivors (4096K)
 Metaspace       used 102068K, committed 102784K, reserved 1138688K
  class space    used 13845K, committed 14208K, reserved 1048576K
}
Event: 113.806 GC heap before
{Heap before GC invocations=47 (full 0):
 garbage-first heap   total 483328K, used 198068K [0x0000000080000000, 0x0000000100000000)
  region size 1024K, 81 young (82944K), 4 survivors (4096K)
 Metaspace       used 106054K, committed 106752K, reserved 1146880K
  class space    used 14312K, committed 14656K, reserved 1048576K
}
Event: 114.135 GC heap after
{Heap after GC invocations=48 (full 0):
 garbage-first heap   total 483328K, used 122333K [0x0000000080000000, 0x0000000100000000)
  region size 1024K, 8 young (8192K), 8 survivors (8192K)
 Metaspace       used 106054K, committed 106752K, reserved 1146880K
  class space    used 14312K, committed 14656K, reserved 1048576K
}
Event: 116.831 GC heap before
{Heap before GC invocations=48 (full 0):
 garbage-first heap   total 483328K, used 137693K [0x0000000080000000, 0x0000000100000000)
  region size 1024K, 23 young (23552K), 8 survivors (8192K)
 Metaspace       used 107571K, committed 108288K, reserved 1146880K
  class space    used 14503K, committed 14848K, reserved 1048576K
}
Event: 117.047 GC heap after
{Heap after GC invocations=49 (full 0):
 garbage-first heap   total 483328K, used 126389K [0x0000000080000000, 0x0000000100000000)
  region size 1024K, 3 young (3072K), 3 survivors (3072K)
 Metaspace       used 107571K, committed 108288K, reserved 1146880K
  class space    used 14503K, committed 14848K, reserved 1048576K
}
Event: 118.075 GC heap before
{Heap before GC invocations=49 (full 0):
 garbage-first heap   total 483328K, used 133557K [0x0000000080000000, 0x0000000100000000)
  region size 1024K, 11 young (11264K), 3 survivors (3072K)
 Metaspace       used 108060K, committed 108736K, reserved 1146880K
  class space    used 14585K, committed 14912K, reserved 1048576K
}
Event: 118.171 GC heap after
{Heap after GC invocations=50 (full 0):
 garbage-first heap   total 483328K, used 128437K [0x0000000080000000, 0x0000000100000000)
  region size 1024K, 5 young (5120K), 5 survivors (5120K)
 Metaspace       used 108060K, committed 108736K, reserved 1146880K
  class space    used 14585K, committed 14912K, reserved 1048576K
}
Event: 120.319 GC heap before
{Heap before GC invocations=50 (full 0):
 garbage-first heap   total 483328K, used 145845K [0x0000000080000000, 0x0000000100000000)
  region size 1024K, 23 young (23552K), 5 survivors (5120K)
 Metaspace       used 111025K, committed 111808K, reserved 1146880K
  class space    used 15051K, committed 15424K, reserved 1048576K
}
Event: 120.471 GC heap after
{Heap after GC invocations=51 (full 0):
 garbage-first heap   total 483328K, used 130106K [0x0000000080000000, 0x0000000100000000)
  region size 1024K, 2 young (2048K), 2 survivors (2048K)
 Metaspace       used 111025K, committed 111808K, reserved 1146880K
  class space    used 15051K, committed 15424K, reserved 1048576K
}
Event: 129.459 GC heap before
{Heap before GC invocations=52 (full 0):
 garbage-first heap   total 483328K, used 159802K [0x0000000080000000, 0x0000000100000000)
  region size 1024K, 31 young (31744K), 2 survivors (2048K)
 Metaspace       used 115366K, committed 116160K, reserved 1155072K
  class space    used 15681K, committed 16064K, reserved 1048576K
}
Event: 129.520 GC heap after
{Heap after GC invocations=53 (full 0):
 garbage-first heap   total 483328K, used 131803K [0x0000000080000000, 0x0000000100000000)
  region size 1024K, 4 young (4096K), 4 survivors (4096K)
 Metaspace       used 115366K, committed 116160K, reserved 1155072K
  class space    used 15681K, committed 16064K, reserved 1048576K
}
Event: 130.610 GC heap before
{Heap before GC invocations=53 (full 0):
 garbage-first heap   total 483328K, used 151259K [0x0000000080000000, 0x0000000100000000)
  region size 1024K, 23 young (23552K), 4 survivors (4096K)
 Metaspace       used 115759K, committed 116544K, reserved 1155072K
  class space    used 15728K, committed 16064K, reserved 1048576K
}

